<?xml version="1.0" encoding="UTF-8"?>
<testng-results skipped="0" failed="1" ignored="0" total="3" passed="2">
  <reporter-output>
  </reporter-output>
  <suite name="Suite" duration-ms="132256" started-at="2018-09-05T06:27:18Z" finished-at="2018-09-05T06:29:30Z">
    <groups>
    </groups>
    <test name="Test" duration-ms="132256" started-at="2018-09-05T06:27:18Z" finished-at="2018-09-05T06:29:30Z">
      <class name="MavenProject.MaveenProject.MecuryTours">
        <test-method status="PASS" signature="OpenBrowser()[pri:0, instance:MavenProject.MaveenProject.MecuryTours@2752f6e2]" name="OpenBrowser" is-config="true" duration-ms="4439" started-at="2018-09-05T06:27:18Z" finished-at="2018-09-05T06:27:22Z">
          <reporter-output>
          </reporter-output>
        </test-method> <!-- OpenBrowser -->
        <test-method status="PASS" signature="OpenUrl()[pri:0, instance:MavenProject.MaveenProject.MecuryTours@2752f6e2]" name="OpenUrl" is-config="true" duration-ms="97049" started-at="2018-09-05T06:27:22Z" finished-at="2018-09-05T06:28:59Z">
          <reporter-output>
          </reporter-output>
        </test-method> <!-- OpenUrl -->
        <test-method status="PASS" signature="MaxBrowser()[pri:3, instance:MavenProject.MaveenProject.MecuryTours@2752f6e2]" name="MaxBrowser" duration-ms="1325" started-at="2018-09-05T06:28:59Z" finished-at="2018-09-05T06:29:01Z">
          <reporter-output>
          </reporter-output>
        </test-method> <!-- MaxBrowser -->
        <test-method status="PASS" signature="OpenUrl()[pri:0, instance:MavenProject.MaveenProject.MecuryTours@2752f6e2]" name="OpenUrl" is-config="true" duration-ms="1048" started-at="2018-09-05T06:29:01Z" finished-at="2018-09-05T06:29:02Z">
          <reporter-output>
          </reporter-output>
        </test-method> <!-- OpenUrl -->
        <test-method status="PASS" signature="loginvalid()[pri:4, instance:MavenProject.MaveenProject.MecuryTours@2752f6e2]" name="loginvalid" duration-ms="20006" started-at="2018-09-05T06:29:02Z" finished-at="2018-09-05T06:29:22Z">
          <reporter-output>
          </reporter-output>
        </test-method> <!-- loginvalid -->
        <test-method status="PASS" signature="OpenUrl()[pri:0, instance:MavenProject.MaveenProject.MecuryTours@2752f6e2]" name="OpenUrl" is-config="true" duration-ms="1876" started-at="2018-09-05T06:29:22Z" finished-at="2018-09-05T06:29:24Z">
          <reporter-output>
          </reporter-output>
        </test-method> <!-- OpenUrl -->
        <test-method status="FAIL" signature="invalidlogin()[pri:5, instance:MavenProject.MaveenProject.MecuryTours@2752f6e2]" name="invalidlogin" duration-ms="6234" started-at="2018-09-05T06:29:24Z" finished-at="2018-09-05T06:29:30Z">
          <exception class="java.lang.AssertionError">
            <full-stacktrace>
              <![CDATA[java.lang.AssertionError: 
at org.testng.AssertJUnit.fail(AssertJUnit.java:59)
at org.testng.AssertJUnit.assertTrue(AssertJUnit.java:24)
at org.testng.AssertJUnit.assertFalse(AssertJUnit.java:41)
at org.testng.AssertJUnit.assertFalse(AssertJUnit.java:49)
at MavenProject.MaveenProject.MecuryTours.invalidlogin(MecuryTours.java:59)
at sun.reflect.NativeMethodAccessorImpl.invoke0(Native Method)
at sun.reflect.NativeMethodAccessorImpl.invoke(NativeMethodAccessorImpl.java:62)
at sun.reflect.DelegatingMethodAccessorImpl.invoke(DelegatingMethodAccessorImpl.java:43)
at java.lang.reflect.Method.invoke(Method.java:498)
at org.testng.internal.MethodInvocationHelper.invokeMethod(MethodInvocationHelper.java:124)
at org.testng.internal.Invoker.invokeMethod(Invoker.java:583)
at org.testng.internal.Invoker.invokeTestMethod(Invoker.java:719)
at org.testng.internal.Invoker.invokeTestMethods(Invoker.java:989)
at org.testng.internal.TestMethodWorker.invokeTestMethods(TestMethodWorker.java:125)
at org.testng.internal.TestMethodWorker.run(TestMethodWorker.java:109)
at org.testng.TestRunner.privateRun(TestRunner.java:648)
at org.testng.TestRunner.run(TestRunner.java:505)
at org.testng.SuiteRunner.runTest(SuiteRunner.java:455)
at org.testng.SuiteRunner.runSequentially(SuiteRunner.java:450)
at org.testng.SuiteRunner.privateRun(SuiteRunner.java:415)
at org.testng.SuiteRunner.run(SuiteRunner.java:364)
at org.testng.SuiteRunnerWorker.runSuite(SuiteRunnerWorker.java:52)
at org.testng.SuiteRunnerWorker.run(SuiteRunnerWorker.java:84)
at org.testng.TestNG.runSuitesSequentially(TestNG.java:1208)
at org.testng.TestNG.runSuitesLocally(TestNG.java:1137)
at org.testng.TestNG.runSuites(TestNG.java:1049)
at org.testng.TestNG.run(TestNG.java:1017)
at org.apache.maven.surefire.testng.TestNGExecutor.run(TestNGExecutor.java:295)
at org.apache.maven.surefire.testng.TestNGXmlTestSuite.execute(TestNGXmlTestSuite.java:84)
at org.apache.maven.surefire.testng.TestNGProvider.invoke(TestNGProvider.java:90)
at org.apache.maven.surefire.booter.ForkedBooter.invokeProviderInSameClassLoader(ForkedBooter.java:203)
at org.apache.maven.surefire.booter.ForkedBooter.runSuitesInProcess(ForkedBooter.java:155)
at org.apache.maven.surefire.booter.ForkedBooter.main(ForkedBooter.java:103)
]]>
            </full-stacktrace>
          </exception> <!-- java.lang.AssertionError -->
          <reporter-output>
          </reporter-output>
        </test-method> <!-- invalidlogin -->
      </class> <!-- MavenProject.MaveenProject.MecuryTours -->
    </test> <!-- Test -->
  </suite> <!-- Suite -->
</testng-results>
